[04-Apr-2022 13:41:22 Asia/Tokyo] PHP Fatal error:  Uncaught Exception: DateTime::__construct(): Failed to parse time string (2022-04-04%2011:08) at position 10 (%): Unexpected character in /var/www/html/site84/index.php:6
Stack trace:
#0 /var/www/html/site84/index.php(6): DateTime->__construct()
#1 {main}
  thrown in /var/www/html/site84/index.php on line 6
[04-Apr-2022 13:44:14 Asia/Tokyo] PHP Fatal error:  Uncaught Exception: DateTime::__construct(): Failed to parse time string (2022-04-04%20%3A11%3A08) at position 10 (%): Unexpected character in /var/www/html/site84/index.php:6
Stack trace:
#0 /var/www/html/site84/index.php(6): DateTime->__construct()
#1 {main}
  thrown in /var/www/html/site84/index.php on line 6
[04-Apr-2022 13:45:30 Asia/Tokyo] PHP Fatal error:  Uncaught Exception: DateTime::__construct(): Failed to parse time string (2022-04-04%20%3A11%3A08) at position 10 (%): Unexpected character in /var/www/html/site84/index.php:6
Stack trace:
#0 /var/www/html/site84/index.php(6): DateTime->__construct()
#1 {main}
  thrown in /var/www/html/site84/index.php on line 6
[04-Apr-2022 13:45:32 Asia/Tokyo] PHP Fatal error:  Uncaught Exception: DateTime::__construct(): Failed to parse time string (2022-04-04%20%3A11%3A08) at position 10 (%): Unexpected character in /var/www/html/site84/index.php:6
Stack trace:
#0 /var/www/html/site84/index.php(6): DateTime->__construct()
#1 {main}
  thrown in /var/www/html/site84/index.php on line 6
[04-Apr-2022 13:46:01 Asia/Tokyo] PHP Fatal error:  Uncaught Exception: DateTime::__construct(): Failed to parse time string (2022-04-04 :11:08) at position 11 (:): Unexpected character in /var/www/html/site84/index.php:7
Stack trace:
#0 /var/www/html/site84/index.php(7): DateTime->__construct()
#1 {main}
  thrown in /var/www/html/site84/index.php on line 7
[04-Apr-2022 13:46:40 Asia/Tokyo] PHP Fatal error:  Uncaught Exception: DateTime::__construct(): Failed to parse time string (2022-04-04 :11:08) at position 11 (:): Unexpected character in /var/www/html/site84/index.php:7
Stack trace:
#0 /var/www/html/site84/index.php(7): DateTime->__construct()
#1 {main}
  thrown in /var/www/html/site84/index.php on line 7
